<?xml version="1.0" encoding="UTF-8"?>
<!-- Generated by org.testng.reporters.JUnitReportReporter -->
<testsuite skipped="0" hostname="user-PC" name="com.supermarket.tests.PushNotificationTest" tests="4" failures="0" timestamp="31 Oct 2022 03:57:00 GMT" time="102.396" errors="0">
  <testcase name="verify_AlertTextPushNotificationByDataProviderClass" time="21.312" classname="com.supermarket.tests.PushNotificationTest"/>
  <testcase name="verify_AlertTextPushNotificationByDataProviderClass" time="23.307" classname="com.supermarket.tests.PushNotificationTest"/>
  <testcase name="verify_SuccessAlertPushNotification" time="26.362" classname="com.supermarket.tests.PushNotificationTest"/>
  <testcase name="verify_AlertTextPushNotificationByDataProviderClass" time="31.415" classname="com.supermarket.tests.PushNotificationTest"/>
</testsuite> <!-- com.supermarket.tests.PushNotificationTest -->
