<?xml version="1.0" encoding="UTF-8"?>
<!-- Generated by org.testng.reporters.JUnitReportReporter -->
<testsuite skipped="0" hostname="user-PC" name="com.supermarket.tests.AdminUsersTest" tests="1" failures="0" timestamp="26 Oct 2022 12:08:44 GMT" time="17.978" errors="0">
  <testcase name="verify_deleteAdminUser" time="17.978" classname="com.supermarket.tests.AdminUsersTest"/>
</testsuite> <!-- com.supermarket.tests.AdminUsersTest -->
