<?xml version="1.0" encoding="UTF-8"?>
<!-- Generated by org.testng.reporters.JUnitReportReporter -->
<testsuite skipped="0" hostname="user-PC" name="com.supermarket.tests.LoginTest" tests="2" failures="0" timestamp="01 Nov 2022 02:33:39 GMT" time="46.432" errors="0">
  <testcase name="verify_Login" time="15.761" classname="com.supermarket.tests.LoginTest"/>
  <testcase name="verify_ProfileImageisDisplayed" time="30.671" classname="com.supermarket.tests.LoginTest"/>
</testsuite> <!-- com.supermarket.tests.LoginTest -->
