<?xml version="1.0" encoding="UTF-8"?>
<!-- Generated by org.testng.reporters.JUnitReportReporter -->
<testsuite skipped="0" hostname="user-PC" name="com.supermarket.tests.PushNotificationTest" tests="1" failures="0" timestamp="25 Oct 2022 18:44:04 GMT" time="10.386" errors="0">
  <testcase name="verify_SuccessAlertPushNotification" time="10.386" classname="com.supermarket.tests.PushNotificationTest"/>
</testsuite> <!-- com.supermarket.tests.PushNotificationTest -->
