<?xml version="1.0" encoding="UTF-8"?>
<!-- Generated by org.testng.reporters.JUnitReportReporter -->
<testsuite skipped="0" hostname="user-PC" name="com.supermarket.tests.ManageExpenseTest" tests="1" failures="0" timestamp="09 Nov 2022 07:49:23 GMT" time="23.984" errors="0">
  <testcase name="verify_searchListExpense" time="23.984" classname="com.supermarket.tests.ManageExpenseTest"/>
</testsuite> <!-- com.supermarket.tests.ManageExpenseTest -->
