<?xml version="1.0" encoding="UTF-8"?>
<!-- Generated by org.testng.reporters.JUnitReportReporter -->
<testsuite skipped="0" hostname="user-PC" name="com.supermarket.tests.ManageExpenseTest" tests="1" failures="0" timestamp="02 Nov 2022 17:01:09 GMT" time="44.867" errors="0">
  <testcase name="verify_search" time="44.867" classname="com.supermarket.tests.ManageExpenseTest"/>
</testsuite> <!-- com.supermarket.tests.ManageExpenseTest -->
