<?xml version="1.0" encoding="UTF-8"?>
<!-- Generated by org.testng.reporters.JUnitReportReporter -->
<testsuite skipped="0" hostname="user-PC" name="com.supermarket.tests.AdminUsersTest" tests="1" failures="0" timestamp="03 Nov 2022 18:25:12 GMT" time="23.882" errors="0">
  <testcase name="verify_search" time="23.882" classname="com.supermarket.tests.AdminUsersTest"/>
</testsuite> <!-- com.supermarket.tests.AdminUsersTest -->
