<?xml version="1.0" encoding="UTF-8"?>
<!-- Generated by org.testng.reporters.JUnitReportReporter -->
<testsuite skipped="0" hostname="user-PC" name="com.supermarket.tests.PushNotificationTest" tests="3" failures="0" timestamp="03 Nov 2022 16:11:36 GMT" time="64.945" errors="0">
  <testcase name="verify_AlertTextPushNotificationByDataProviderClass" time="18.396" classname="com.supermarket.tests.PushNotificationTest"/>
  <testcase name="verify_AlertTextPushNotificationByDataProviderClass" time="26.216" classname="com.supermarket.tests.PushNotificationTest"/>
  <testcase name="verify_AlertTextPushNotificationByDataProviderClass" time="20.333" classname="com.supermarket.tests.PushNotificationTest"/>
</testsuite> <!-- com.supermarket.tests.PushNotificationTest -->
