<?xml version="1.0" encoding="UTF-8"?>
<!-- Generated by org.testng.reporters.JUnitReportReporter -->
<testsuite skipped="0" hostname="user-PC" name="com.supermarket.tests.ManagePaymentMethodsTest" tests="2" failures="0" timestamp="09 Nov 2022 18:58:09 GMT" time="63.300" errors="0">
  <testcase name="verify_UpdateAdminUser" time="36.272" classname="com.supermarket.tests.ManagePaymentMethodsTest"/>
  <testcase name="verify_ManagePaymentStatusDeactivation" time="27.028" classname="com.supermarket.tests.ManagePaymentMethodsTest"/>
</testsuite> <!-- com.supermarket.tests.ManagePaymentMethodsTest -->
