<?xml version="1.0" encoding="UTF-8"?>
<!-- Generated by org.testng.reporters.JUnitReportReporter -->
<testsuite skipped="0" hostname="user-PC" name="com.supermarket.tests.AdminUsersTest" tests="2" failures="0" timestamp="02 Nov 2022 17:54:07 GMT" time="38.186" errors="0">
  <testcase name="verify_AddAdminUsersByDataProviderClass" time="16.615" classname="com.supermarket.tests.AdminUsersTest"/>
  <testcase name="verify_AddAdminUsersByDataProviderClass" time="21.571" classname="com.supermarket.tests.AdminUsersTest"/>
</testsuite> <!-- com.supermarket.tests.AdminUsersTest -->
