<?xml version="1.0" encoding="UTF-8"?>
<!-- Generated by org.testng.reporters.JUnitReportReporter -->
<testsuite skipped="0" hostname="user-PC" name="com.supermarket.tests.ExpenseCategoryTest" tests="1" failures="0" timestamp="09 Nov 2022 08:42:32 GMT" time="24.337" errors="0">
  <testcase name="verify_AddTitle" time="24.337" classname="com.supermarket.tests.ExpenseCategoryTest"/>
</testsuite> <!-- com.supermarket.tests.ExpenseCategoryTest -->
