<?xml version="1.0" encoding="UTF-8"?>
<!-- Generated by org.testng.reporters.JUnitReportReporter -->
<testsuite skipped="0" hostname="user-PC" name="com.supermarket.tests.ManageUsersTest" tests="1" failures="0" timestamp="09 Nov 2022 08:06:42 GMT" time="10.193" errors="0">
  <testcase name="verify_SearchUsers" time="10.193" classname="com.supermarket.tests.ManageUsersTest"/>
</testsuite> <!-- com.supermarket.tests.ManageUsersTest -->
