<?xml version="1.0" encoding="UTF-8"?>
<!-- Generated by org.testng.reporters.JUnitReportReporter -->
<testsuite skipped="0" hostname="user-PC" name="com.supermarket.tests.ManagePaymentMethodsTest" tests="1" failures="0" timestamp="03 Nov 2022 15:56:53 GMT" time="20.714" errors="0">
  <testcase name="verify_UpdateAdminUser" time="20.714" classname="com.supermarket.tests.ManagePaymentMethodsTest"/>
</testsuite> <!-- com.supermarket.tests.ManagePaymentMethodsTest -->
