<?xml version="1.0" encoding="UTF-8"?>
<!-- Generated by org.testng.reporters.JUnitReportReporter -->
<testsuite skipped="0" hostname="user-PC" name="com.supermarket.tests.DeliveryBoyTest" tests="1" failures="0" timestamp="01 Nov 2022 02:46:18 GMT" time="15.164" errors="0">
  <testcase name="verify_UpdateDeliveryBoy" time="15.164" classname="com.supermarket.tests.DeliveryBoyTest"/>
</testsuite> <!-- com.supermarket.tests.DeliveryBoyTest -->
