<?xml version="1.0" encoding="UTF-8"?>
<!-- Generated by org.testng.reporters.JUnitReportReporter -->
<testsuite skipped="0" hostname="user-PC" name="com.supermarket.tests.DeliveryBoyTest" tests="1" failures="0" timestamp="09 Nov 2022 18:02:29 GMT" time="22.107" errors="0">
  <testcase name="verify_UpdateDeliveryBoy" time="22.107" classname="com.supermarket.tests.DeliveryBoyTest"/>
</testsuite> <!-- com.supermarket.tests.DeliveryBoyTest -->
