<?xml version="1.0" encoding="UTF-8"?>
<!-- Generated by org.testng.reporters.JUnitReportReporter -->
<testsuite skipped="0" hostname="user-PC" name="com.supermarket.tests.ManageLocationTest" tests="1" failures="0" timestamp="02 Nov 2022 19:33:33 GMT" time="22.469" errors="0">
  <testcase name="verify_searchLocation" time="22.469" classname="com.supermarket.tests.ManageLocationTest"/>
</testsuite> <!-- com.supermarket.tests.ManageLocationTest -->
