<?xml version="1.0" encoding="UTF-8"?>
<!-- Generated by org.testng.reporters.JUnitReportReporter -->
<testsuite skipped="0" hostname="user-PC" name="com.supermarket.tests.ManageLocationTest" tests="1" failures="0" timestamp="26 Oct 2022 14:46:52 GMT" time="21.604" errors="0">
  <testcase name="verify_LocationStatusDeactivation" time="21.604" classname="com.supermarket.tests.ManageLocationTest"/>
</testsuite> <!-- com.supermarket.tests.ManageLocationTest -->
