<?xml version="1.0" encoding="UTF-8"?>
<!-- Generated by org.testng.reporters.JUnitReportReporter -->
<testsuite skipped="0" hostname="user-PC" name="com.supermarket.tests.ManageExpenseTest" tests="1" failures="0" timestamp="03 Nov 2022 14:40:24 GMT" time="22.518" errors="0">
  <testcase name="verify_DeleteExpense" time="22.518" classname="com.supermarket.tests.ManageExpenseTest"/>
</testsuite> <!-- com.supermarket.tests.ManageExpenseTest -->
