<?xml version="1.0" encoding="UTF-8"?>
<!-- Generated by org.testng.reporters.JUnitReportReporter -->
<testsuite skipped="0" hostname="user-PC" name="com.supermarket.tests.ManageLocationTest" tests="1" failures="0" timestamp="03 Nov 2022 15:39:26 GMT" time="20.166" errors="0">
  <testcase name="verify_searchLocation" time="20.166" classname="com.supermarket.tests.ManageLocationTest"/>
</testsuite> <!-- com.supermarket.tests.ManageLocationTest -->
