<?xml version="1.0" encoding="UTF-8"?>
<!-- Generated by org.testng.reporters.JUnitReportReporter -->
<testsuite skipped="0" hostname="user-PC" name="com.supermarket.tests.PushNotificationTest" tests="1" failures="0" timestamp="09 Nov 2022 08:32:59 GMT" time="14.640" errors="0">
  <testcase name="verify_PushNotificationAlertByList" time="14.640" classname="com.supermarket.tests.PushNotificationTest"/>
</testsuite> <!-- com.supermarket.tests.PushNotificationTest -->
