<?xml version="1.0" encoding="UTF-8"?>
<!-- Generated by org.testng.reporters.JUnitReportReporter -->
<testsuite skipped="0" hostname="user-PC" name="com.supermarket.tests.ManageUsersTest" tests="1" failures="0" timestamp="26 Oct 2022 02:55:55 GMT" time="13.399" errors="0">
  <testcase name="verify_manageUserDeactivation" time="13.399" classname="com.supermarket.tests.ManageUsersTest"/>
</testsuite> <!-- com.supermarket.tests.ManageUsersTest -->
