<?xml version="1.0" encoding="UTF-8"?>
<!-- Generated by org.testng.reporters.JUnitReportReporter -->
<testsuite skipped="0" hostname="user-PC" name="com.supermarket.tests.DeliveryBoyTest" tests="1" failures="0" timestamp="28 Oct 2022 01:44:25 GMT" time="21.983" errors="0">
  <testcase name="verify_UpdateDeliveryBoy" time="21.983" classname="com.supermarket.tests.DeliveryBoyTest"/>
</testsuite> <!-- com.supermarket.tests.DeliveryBoyTest -->
