<?xml version="1.0" encoding="UTF-8"?>
<!-- Generated by org.testng.reporters.JUnitReportReporter -->
<testsuite skipped="0" hostname="user-PC" name="com.supermarket.tests.ManageExpenseTest" tests="1" failures="0" timestamp="31 Oct 2022 18:10:53 GMT" time="26.070" errors="0">
  <testcase name="verify_search" time="26.070" classname="com.supermarket.tests.ManageExpenseTest"/>
</testsuite> <!-- com.supermarket.tests.ManageExpenseTest -->
