<?xml version="1.0" encoding="UTF-8"?>
<!-- Generated by org.testng.reporters.JUnitReportReporter -->
<testsuite skipped="0" hostname="user-PC" name="com.supermarket.tests.AdminUsersTest" tests="1" failures="0" timestamp="09 Nov 2022 18:51:08 GMT" time="25.599" errors="0">
  <testcase name="verify_adminUserActionButtonDeactivation" time="25.599" classname="com.supermarket.tests.AdminUsersTest"/>
</testsuite> <!-- com.supermarket.tests.AdminUsersTest -->
